<?xml version="1.0" encoding="UTF-8"?>
<testsuite xmlns:xsi="http://www.w3.org/2001/XMLSchema-instance" xsi:noNamespaceSchemaLocation="https://maven.apache.org/surefire/maven-surefire-plugin/xsd/surefire-test-report-3.0.xsd" version="3.0" name="pl.polsl.rakoczy.DerivativeTest" time="0.067" tests="4" errors="0" skipped="0" failures="0">
  <properties>
[...]
</properties>
  <testcase name="testListPowersResults" classname="pl.polsl.rakoczy.DerivativeTest" time="0.036"/>
  <testcase name="getListTest" classname="pl.polsl.rakoczy.DerivativeTest" time="0.002"/>
  <testcase name="getListSizeTest" classname="pl.polsl.rakoczy.DerivativeTest" time="0"/>
  <testcase name="listValuesResultsTest" classname="pl.polsl.rakoczy.DerivativeTest" time="0.002"/>
</testsuite>